<?xml version="1.0" encoding="UTF-8"?>
<!-- Generated by org.testng.reporters.JUnitReportReporter -->
<testsuite hostname="DESKTOP-JOKB8D4" failures="0" tests="11" name="tests.GoogleTests" time="1.034" errors="0" timestamp="2022-10-22T12:41:10 GMT-04:00" skipped="0">
  <testcase classname="tests.GoogleTests" name="bTest005" time="0.000"/>
  <system-out/>
  <testcase classname="tests.GoogleTests" name="login" time="0.000"/>
  <system-out/>
  <testcase classname="tests.GoogleTests" name="login" time="0.000"/>
  <system-out/>
  <testcase classname="tests.GoogleTests" name="testAssertions" time="0.009"/>
  <system-out/>
  <testcase classname="tests.GoogleTests" name="login" time="0.000"/>
  <system-out/>
  <testcase classname="tests.GoogleTests" name="eTest003" time="1.022"/>
  <system-out/>
  <testcase classname="tests.GoogleTests" name="cTest002" time="0.001"/>
  <system-out/>
  <testcase classname="tests.GoogleTests" name="aTest001" time="0.001"/>
  <system-out/>
  <testcase classname="tests.GoogleTests" name="aTest001" time="0.000"/>
  <system-out/>
  <testcase classname="tests.GoogleTests" name="aTest001" time="0.001"/>
  <system-out/>
  <testcase classname="tests.GoogleTests" name="dTest004" time="0.000"/>
  <system-out/>
</testsuite> <!-- tests.GoogleTests -->
